<?xml version="1.0" encoding="UTF-8"?>
<robot generator="Robot 2.9 (Jython 2.7.0 on java1.8.0_101)" generated="20160907 17:45:15.403">
<suite source="C:\Users\Parker Hardin\Desktop\SE\tic-tac-toe\acceptance\TicTacToeTests.txt" name="TicTacToeTests" id="s1">
<test name="Win Diagonally as X" id="s1-t1">
<kw library="TicTacToeKeywords" name="Start New Game">
<status endtime="20160907 17:45:15.654" starttime="20160907 17:45:15.649" status="PASS"></status>
</kw>
<kw library="TicTacToeKeywords" name="Mark Location">
<arguments>
<arg>1</arg>
<arg>1</arg>
</arguments>
<status endtime="20160907 17:45:15.658" starttime="20160907 17:45:15.656" status="PASS"></status>
</kw>
<kw name="Check Location">
<arguments>
<arg>1</arg>
<arg>1</arg>
<arg>X</arg>
</arguments>
<kw library="TicTacToeKeywords" name="Get Mark">
<arguments>
<arg>${row}</arg>
<arg>${col}</arg>
</arguments>
<assign>
<var>${m}</var>
</assign>
<msg level="INFO" timestamp="20160907 17:45:15.667">${m} = X</msg>
<status endtime="20160907 17:45:15.667" starttime="20160907 17:45:15.663" status="PASS"></status>
</kw>
<kw library="BuiltIn" name="Should Be Equal">
<doc>Fails if the given objects are unequal.</doc>
<arguments>
<arg>${m}</arg>
<arg>${mark}</arg>
</arguments>
<status endtime="20160907 17:45:15.671" starttime="20160907 17:45:15.668" status="PASS"></status>
</kw>
<status endtime="20160907 17:45:15.672" starttime="20160907 17:45:15.659" status="PASS"></status>
</kw>
<kw library="TicTacToeKeywords" name="Mark Location">
<arguments>
<arg>0</arg>
<arg>1</arg>
</arguments>
<status endtime="20160907 17:45:15.675" starttime="20160907 17:45:15.673" status="PASS"></status>
</kw>
<kw name="Check Location">
<arguments>
<arg>0</arg>
<arg>1</arg>
<arg>O</arg>
</arguments>
<kw library="TicTacToeKeywords" name="Get Mark">
<arguments>
<arg>${row}</arg>
<arg>${col}</arg>
</arguments>
<assign>
<var>${m}</var>
</assign>
<msg level="INFO" timestamp="20160907 17:45:15.681">${m} = O</msg>
<status endtime="20160907 17:45:15.682" starttime="20160907 17:45:15.678" status="PASS"></status>
</kw>
<kw library="BuiltIn" name="Should Be Equal">
<doc>Fails if the given objects are unequal.</doc>
<arguments>
<arg>${m}</arg>
<arg>${mark}</arg>
</arguments>
<status endtime="20160907 17:45:15.686" starttime="20160907 17:45:15.683" status="PASS"></status>
</kw>
<status endtime="20160907 17:45:15.686" starttime="20160907 17:45:15.676" status="PASS"></status>
</kw>
<kw library="TicTacToeKeywords" name="Mark Location">
<arguments>
<arg>0</arg>
<arg>0</arg>
</arguments>
<status endtime="20160907 17:45:15.689" starttime="20160907 17:45:15.688" status="PASS"></status>
</kw>
<kw name="Check Location">
<arguments>
<arg>0</arg>
<arg>0</arg>
<arg>X</arg>
</arguments>
<kw library="TicTacToeKeywords" name="Get Mark">
<arguments>
<arg>${row}</arg>
<arg>${col}</arg>
</arguments>
<assign>
<var>${m}</var>
</assign>
<msg level="INFO" timestamp="20160907 17:45:15.695">${m} = X</msg>
<status endtime="20160907 17:45:15.696" starttime="20160907 17:45:15.693" status="PASS"></status>
</kw>
<kw library="BuiltIn" name="Should Be Equal">
<doc>Fails if the given objects are unequal.</doc>
<arguments>
<arg>${m}</arg>
<arg>${mark}</arg>
</arguments>
<status endtime="20160907 17:45:15.699" starttime="20160907 17:45:15.696" status="PASS"></status>
</kw>
<status endtime="20160907 17:45:15.700" starttime="20160907 17:45:15.690" status="PASS"></status>
</kw>
<kw library="TicTacToeKeywords" name="Mark Location">
<arguments>
<arg>0</arg>
<arg>2</arg>
</arguments>
<status endtime="20160907 17:45:15.703" starttime="20160907 17:45:15.701" status="PASS"></status>
</kw>
<kw name="Check Location">
<arguments>
<arg>0</arg>
<arg>2</arg>
<arg>O</arg>
</arguments>
<kw library="TicTacToeKeywords" name="Get Mark">
<arguments>
<arg>${row}</arg>
<arg>${col}</arg>
</arguments>
<assign>
<var>${m}</var>
</assign>
<msg level="INFO" timestamp="20160907 17:45:15.708">${m} = O</msg>
<status endtime="20160907 17:45:15.709" starttime="20160907 17:45:15.706" status="PASS"></status>
</kw>
<kw library="BuiltIn" name="Should Be Equal">
<doc>Fails if the given objects are unequal.</doc>
<arguments>
<arg>${m}</arg>
<arg>${mark}</arg>
</arguments>
<status endtime="20160907 17:45:15.711" starttime="20160907 17:45:15.709" status="PASS"></status>
</kw>
<status endtime="20160907 17:45:15.712" starttime="20160907 17:45:15.704" status="PASS"></status>
</kw>
<kw library="TicTacToeKeywords" name="Mark Location">
<arguments>
<arg>2</arg>
<arg>2</arg>
</arguments>
<status endtime="20160907 17:45:15.718" starttime="20160907 17:45:15.716" status="PASS"></status>
</kw>
<kw name="Check Location">
<arguments>
<arg>2</arg>
<arg>2</arg>
<arg>X</arg>
</arguments>
<kw library="TicTacToeKeywords" name="Get Mark">
<arguments>
<arg>${row}</arg>
<arg>${col}</arg>
</arguments>
<assign>
<var>${m}</var>
</assign>
<msg level="INFO" timestamp="20160907 17:45:15.724">${m} = X</msg>
<status endtime="20160907 17:45:15.724" starttime="20160907 17:45:15.721" status="PASS"></status>
</kw>
<kw library="BuiltIn" name="Should Be Equal">
<doc>Fails if the given objects are unequal.</doc>
<arguments>
<arg>${m}</arg>
<arg>${mark}</arg>
</arguments>
<status endtime="20160907 17:45:15.728" starttime="20160907 17:45:15.725" status="PASS"></status>
</kw>
<status endtime="20160907 17:45:15.728" starttime="20160907 17:45:15.719" status="PASS"></status>
</kw>
<kw name="Winner Should Be">
<arguments>
<arg>X</arg>
</arguments>
<kw library="TicTacToeKeywords" name="Get Winner">
<assign>
<var>${m}</var>
</assign>
<msg level="INFO" timestamp="20160907 17:45:15.733">Player X won diagonally.</msg>
<msg level="INFO" timestamp="20160907 17:45:15.734">${m} = X</msg>
<status endtime="20160907 17:45:15.734" starttime="20160907 17:45:15.731" status="PASS"></status>
</kw>
<kw library="BuiltIn" name="Should Be Equal">
<doc>Fails if the given objects are unequal.</doc>
<arguments>
<arg>${m}</arg>
<arg>${mark}</arg>
</arguments>
<status endtime="20160907 17:45:15.737" starttime="20160907 17:45:15.735" status="PASS"></status>
</kw>
<status endtime="20160907 17:45:15.738" starttime="20160907 17:45:15.729" status="PASS"></status>
</kw>
<status critical="yes" endtime="20160907 17:45:15.739" starttime="20160907 17:45:15.645" status="PASS"></status>
</test>
<test name="Win Horizontally as O" id="s1-t2">
<kw library="TicTacToeKeywords" name="Start New Game">
<status endtime="20160907 17:45:15.749" starttime="20160907 17:45:15.748" status="PASS"></status>
</kw>
<kw library="TicTacToeKeywords" name="Mark Location">
<arguments>
<arg>1</arg>
<arg>1</arg>
</arguments>
<status endtime="20160907 17:45:15.761" starttime="20160907 17:45:15.759" status="PASS"></status>
</kw>
<kw name="Check Location">
<arguments>
<arg>1</arg>
<arg>1</arg>
<arg>X</arg>
</arguments>
<kw library="TicTacToeKeywords" name="Get Mark">
<arguments>
<arg>${row}</arg>
<arg>${col}</arg>
</arguments>
<assign>
<var>${m}</var>
</assign>
<msg level="INFO" timestamp="20160907 17:45:15.767">${m} = X</msg>
<status endtime="20160907 17:45:15.767" starttime="20160907 17:45:15.764" status="PASS"></status>
</kw>
<kw library="BuiltIn" name="Should Be Equal">
<doc>Fails if the given objects are unequal.</doc>
<arguments>
<arg>${m}</arg>
<arg>${mark}</arg>
</arguments>
<status endtime="20160907 17:45:15.770" starttime="20160907 17:45:15.768" status="PASS"></status>
</kw>
<status endtime="20160907 17:45:15.771" starttime="20160907 17:45:15.762" status="PASS"></status>
</kw>
<kw library="TicTacToeKeywords" name="Mark Location">
<arguments>
<arg>2</arg>
<arg>0</arg>
</arguments>
<status endtime="20160907 17:45:15.774" starttime="20160907 17:45:15.772" status="PASS"></status>
</kw>
<kw name="Check Location">
<arguments>
<arg>2</arg>
<arg>0</arg>
<arg>O</arg>
</arguments>
<kw library="TicTacToeKeywords" name="Get Mark">
<arguments>
<arg>${row}</arg>
<arg>${col}</arg>
</arguments>
<assign>
<var>${m}</var>
</assign>
<msg level="INFO" timestamp="20160907 17:45:15.779">${m} = O</msg>
<status endtime="20160907 17:45:15.780" starttime="20160907 17:45:15.777" status="PASS"></status>
</kw>
<kw library="BuiltIn" name="Should Be Equal">
<doc>Fails if the given objects are unequal.</doc>
<arguments>
<arg>${m}</arg>
<arg>${mark}</arg>
</arguments>
<status endtime="20160907 17:45:15.783" starttime="20160907 17:45:15.781" status="PASS"></status>
</kw>
<status endtime="20160907 17:45:15.784" starttime="20160907 17:45:15.775" status="PASS"></status>
</kw>
<kw library="TicTacToeKeywords" name="Mark Location">
<arguments>
<arg>0</arg>
<arg>0</arg>
</arguments>
<status endtime="20160907 17:45:15.786" starttime="20160907 17:45:15.785" status="PASS"></status>
</kw>
<kw name="Check Location">
<arguments>
<arg>0</arg>
<arg>0</arg>
<arg>X</arg>
</arguments>
<kw library="TicTacToeKeywords" name="Get Mark">
<arguments>
<arg>${row}</arg>
<arg>${col}</arg>
</arguments>
<assign>
<var>${m}</var>
</assign>
<msg level="INFO" timestamp="20160907 17:45:15.792">${m} = X</msg>
<status endtime="20160907 17:45:15.792" starttime="20160907 17:45:15.789" status="PASS"></status>
</kw>
<kw library="BuiltIn" name="Should Be Equal">
<doc>Fails if the given objects are unequal.</doc>
<arguments>
<arg>${m}</arg>
<arg>${mark}</arg>
</arguments>
<status endtime="20160907 17:45:15.795" starttime="20160907 17:45:15.793" status="PASS"></status>
</kw>
<status endtime="20160907 17:45:15.795" starttime="20160907 17:45:15.787" status="PASS"></status>
</kw>
<kw library="TicTacToeKeywords" name="Mark Location">
<arguments>
<arg>2</arg>
<arg>2</arg>
</arguments>
<status endtime="20160907 17:45:15.798" starttime="20160907 17:45:15.796" status="PASS"></status>
</kw>
<kw name="Check Location">
<arguments>
<arg>2</arg>
<arg>2</arg>
<arg>O</arg>
</arguments>
<kw library="TicTacToeKeywords" name="Get Mark">
<arguments>
<arg>${row}</arg>
<arg>${col}</arg>
</arguments>
<assign>
<var>${m}</var>
</assign>
<msg level="INFO" timestamp="20160907 17:45:15.802">${m} = O</msg>
<status endtime="20160907 17:45:15.803" starttime="20160907 17:45:15.801" status="PASS"></status>
</kw>
<kw library="BuiltIn" name="Should Be Equal">
<doc>Fails if the given objects are unequal.</doc>
<arguments>
<arg>${m}</arg>
<arg>${mark}</arg>
</arguments>
<status endtime="20160907 17:45:15.805" starttime="20160907 17:45:15.803" status="PASS"></status>
</kw>
<status endtime="20160907 17:45:15.806" starttime="20160907 17:45:15.799" status="PASS"></status>
</kw>
<kw library="TicTacToeKeywords" name="Mark Location">
<arguments>
<arg>0</arg>
<arg>2</arg>
</arguments>
<status endtime="20160907 17:45:15.811" starttime="20160907 17:45:15.809" status="PASS"></status>
</kw>
<kw name="Check Location">
<arguments>
<arg>0</arg>
<arg>2</arg>
<arg>X</arg>
</arguments>
<kw library="TicTacToeKeywords" name="Get Mark">
<arguments>
<arg>${row}</arg>
<arg>${col}</arg>
</arguments>
<assign>
<var>${m}</var>
</assign>
<msg level="INFO" timestamp="20160907 17:45:15.817">${m} = X</msg>
<status endtime="20160907 17:45:15.817" starttime="20160907 17:45:15.814" status="PASS"></status>
</kw>
<kw library="BuiltIn" name="Should Be Equal">
<doc>Fails if the given objects are unequal.</doc>
<arguments>
<arg>${m}</arg>
<arg>${mark}</arg>
</arguments>
<status endtime="20160907 17:45:15.820" starttime="20160907 17:45:15.818" status="PASS"></status>
</kw>
<status endtime="20160907 17:45:15.821" starttime="20160907 17:45:15.811" status="PASS"></status>
</kw>
<kw library="TicTacToeKeywords" name="Mark Location">
<arguments>
<arg>2</arg>
<arg>1</arg>
</arguments>
<status endtime="20160907 17:45:15.823" starttime="20160907 17:45:15.822" status="PASS"></status>
</kw>
<kw name="Check Location">
<arguments>
<arg>2</arg>
<arg>1</arg>
<arg>O</arg>
</arguments>
<kw library="TicTacToeKeywords" name="Get Mark">
<arguments>
<arg>${row}</arg>
<arg>${col}</arg>
</arguments>
<assign>
<var>${m}</var>
</assign>
<msg level="INFO" timestamp="20160907 17:45:15.828">${m} = O</msg>
<status endtime="20160907 17:45:15.828" starttime="20160907 17:45:15.826" status="PASS"></status>
</kw>
<kw library="BuiltIn" name="Should Be Equal">
<doc>Fails if the given objects are unequal.</doc>
<arguments>
<arg>${m}</arg>
<arg>${mark}</arg>
</arguments>
<status endtime="20160907 17:45:15.831" starttime="20160907 17:45:15.829" status="PASS"></status>
</kw>
<status endtime="20160907 17:45:15.832" starttime="20160907 17:45:15.824" status="PASS"></status>
</kw>
<kw name="Winner Should Be">
<arguments>
<arg>O</arg>
</arguments>
<kw library="TicTacToeKeywords" name="Get Winner">
<assign>
<var>${m}</var>
</assign>
<msg level="INFO" timestamp="20160907 17:45:15.835">Player O won horizontally.</msg>
<msg level="INFO" timestamp="20160907 17:45:15.836">${m} = O</msg>
<status endtime="20160907 17:45:15.836" starttime="20160907 17:45:15.834" status="PASS"></status>
</kw>
<kw library="BuiltIn" name="Should Be Equal">
<doc>Fails if the given objects are unequal.</doc>
<arguments>
<arg>${m}</arg>
<arg>${mark}</arg>
</arguments>
<status endtime="20160907 17:45:15.839" starttime="20160907 17:45:15.837" status="PASS"></status>
</kw>
<status endtime="20160907 17:45:15.840" starttime="20160907 17:45:15.833" status="PASS"></status>
</kw>
<status critical="yes" endtime="20160907 17:45:15.841" starttime="20160907 17:45:15.744" status="PASS"></status>
</test>
<test name="Force a Tie" id="s1-t3">
<kw library="TicTacToeKeywords" name="Start New Game">
<status endtime="20160907 17:45:15.850" starttime="20160907 17:45:15.849" status="PASS"></status>
</kw>
<kw library="TicTacToeKeywords" name="Mark Location">
<arguments>
<arg>1</arg>
<arg>1</arg>
</arguments>
<status endtime="20160907 17:45:15.853" starttime="20160907 17:45:15.851" status="PASS"></status>
</kw>
<kw name="Check Location">
<arguments>
<arg>1</arg>
<arg>1</arg>
<arg>X</arg>
</arguments>
<kw library="TicTacToeKeywords" name="Get Mark">
<arguments>
<arg>${row}</arg>
<arg>${col}</arg>
</arguments>
<assign>
<var>${m}</var>
</assign>
<msg level="INFO" timestamp="20160907 17:45:15.858">${m} = X</msg>
<status endtime="20160907 17:45:15.858" starttime="20160907 17:45:15.855" status="PASS"></status>
</kw>
<kw library="BuiltIn" name="Should Be Equal">
<doc>Fails if the given objects are unequal.</doc>
<arguments>
<arg>${m}</arg>
<arg>${mark}</arg>
</arguments>
<status endtime="20160907 17:45:15.862" starttime="20160907 17:45:15.859" status="PASS"></status>
</kw>
<status endtime="20160907 17:45:15.863" starttime="20160907 17:45:15.853" status="PASS"></status>
</kw>
<kw library="TicTacToeKeywords" name="Mark Location">
<arguments>
<arg>0</arg>
<arg>0</arg>
</arguments>
<status endtime="20160907 17:45:15.865" starttime="20160907 17:45:15.863" status="PASS"></status>
</kw>
<kw name="Check Location">
<arguments>
<arg>0</arg>
<arg>0</arg>
<arg>O</arg>
</arguments>
<kw library="TicTacToeKeywords" name="Get Mark">
<arguments>
<arg>${row}</arg>
<arg>${col}</arg>
</arguments>
<assign>
<var>${m}</var>
</assign>
<msg level="INFO" timestamp="20160907 17:45:15.870">${m} = O</msg>
<status endtime="20160907 17:45:15.871" starttime="20160907 17:45:15.868" status="PASS"></status>
</kw>
<kw library="BuiltIn" name="Should Be Equal">
<doc>Fails if the given objects are unequal.</doc>
<arguments>
<arg>${m}</arg>
<arg>${mark}</arg>
</arguments>
<status endtime="20160907 17:45:15.873" starttime="20160907 17:45:15.871" status="PASS"></status>
</kw>
<status endtime="20160907 17:45:15.874" starttime="20160907 17:45:15.866" status="PASS"></status>
</kw>
<kw library="TicTacToeKeywords" name="Mark Location">
<arguments>
<arg>2</arg>
<arg>0</arg>
</arguments>
<status endtime="20160907 17:45:15.876" starttime="20160907 17:45:15.875" status="PASS"></status>
</kw>
<kw name="Check Location">
<arguments>
<arg>2</arg>
<arg>0</arg>
<arg>X</arg>
</arguments>
<kw library="TicTacToeKeywords" name="Get Mark">
<arguments>
<arg>${row}</arg>
<arg>${col}</arg>
</arguments>
<assign>
<var>${m}</var>
</assign>
<msg level="INFO" timestamp="20160907 17:45:15.880">${m} = X</msg>
<status endtime="20160907 17:45:15.880" starttime="20160907 17:45:15.878" status="PASS"></status>
</kw>
<kw library="BuiltIn" name="Should Be Equal">
<doc>Fails if the given objects are unequal.</doc>
<arguments>
<arg>${m}</arg>
<arg>${mark}</arg>
</arguments>
<status endtime="20160907 17:45:15.884" starttime="20160907 17:45:15.882" status="PASS"></status>
</kw>
<status endtime="20160907 17:45:15.885" starttime="20160907 17:45:15.876" status="PASS"></status>
</kw>
<kw library="TicTacToeKeywords" name="Mark Location">
<arguments>
<arg>0</arg>
<arg>2</arg>
</arguments>
<status endtime="20160907 17:45:15.888" starttime="20160907 17:45:15.886" status="PASS"></status>
</kw>
<kw name="Check Location">
<arguments>
<arg>0</arg>
<arg>2</arg>
<arg>O</arg>
</arguments>
<kw library="TicTacToeKeywords" name="Get Mark">
<arguments>
<arg>${row}</arg>
<arg>${col}</arg>
</arguments>
<assign>
<var>${m}</var>
</assign>
<msg level="INFO" timestamp="20160907 17:45:15.892">${m} = O</msg>
<status endtime="20160907 17:45:15.892" starttime="20160907 17:45:15.890" status="PASS"></status>
</kw>
<kw library="BuiltIn" name="Should Be Equal">
<doc>Fails if the given objects are unequal.</doc>
<arguments>
<arg>${m}</arg>
<arg>${mark}</arg>
</arguments>
<status endtime="20160907 17:45:15.895" starttime="20160907 17:45:15.893" status="PASS"></status>
</kw>
<status endtime="20160907 17:45:15.895" starttime="20160907 17:45:15.888" status="PASS"></status>
</kw>
<kw library="TicTacToeKeywords" name="Mark Location">
<arguments>
<arg>0</arg>
<arg>1</arg>
</arguments>
<status endtime="20160907 17:45:15.900" starttime="20160907 17:45:15.898" status="PASS"></status>
</kw>
<kw name="Check Location">
<arguments>
<arg>0</arg>
<arg>1</arg>
<arg>X</arg>
</arguments>
<kw library="TicTacToeKeywords" name="Get Mark">
<arguments>
<arg>${row}</arg>
<arg>${col}</arg>
</arguments>
<assign>
<var>${m}</var>
</assign>
<msg level="INFO" timestamp="20160907 17:45:15.905">${m} = X</msg>
<status endtime="20160907 17:45:15.905" starttime="20160907 17:45:15.903" status="PASS"></status>
</kw>
<kw library="BuiltIn" name="Should Be Equal">
<doc>Fails if the given objects are unequal.</doc>
<arguments>
<arg>${m}</arg>
<arg>${mark}</arg>
</arguments>
<status endtime="20160907 17:45:15.907" starttime="20160907 17:45:15.906" status="PASS"></status>
</kw>
<status endtime="20160907 17:45:15.908" starttime="20160907 17:45:15.901" status="PASS"></status>
</kw>
<kw library="TicTacToeKeywords" name="Mark Location">
<arguments>
<arg>2</arg>
<arg>1</arg>
</arguments>
<status endtime="20160907 17:45:15.910" starttime="20160907 17:45:15.909" status="PASS"></status>
</kw>
<kw name="Check Location">
<arguments>
<arg>2</arg>
<arg>1</arg>
<arg>O</arg>
</arguments>
<kw library="TicTacToeKeywords" name="Get Mark">
<arguments>
<arg>${row}</arg>
<arg>${col}</arg>
</arguments>
<assign>
<var>${m}</var>
</assign>
<msg level="INFO" timestamp="20160907 17:45:15.915">${m} = O</msg>
<status endtime="20160907 17:45:15.915" starttime="20160907 17:45:15.913" status="PASS"></status>
</kw>
<kw library="BuiltIn" name="Should Be Equal">
<doc>Fails if the given objects are unequal.</doc>
<arguments>
<arg>${m}</arg>
<arg>${mark}</arg>
</arguments>
<status endtime="20160907 17:45:15.918" starttime="20160907 17:45:15.916" status="PASS"></status>
</kw>
<status endtime="20160907 17:45:15.918" starttime="20160907 17:45:15.911" status="PASS"></status>
</kw>
<kw library="TicTacToeKeywords" name="Mark Location">
<arguments>
<arg>1</arg>
<arg>2</arg>
</arguments>
<status endtime="20160907 17:45:15.920" starttime="20160907 17:45:15.919" status="PASS"></status>
</kw>
<kw name="Check Location">
<arguments>
<arg>1</arg>
<arg>2</arg>
<arg>X</arg>
</arguments>
<kw library="TicTacToeKeywords" name="Get Mark">
<arguments>
<arg>${row}</arg>
<arg>${col}</arg>
</arguments>
<assign>
<var>${m}</var>
</assign>
<msg level="INFO" timestamp="20160907 17:45:15.924">${m} = X</msg>
<status endtime="20160907 17:45:15.925" starttime="20160907 17:45:15.923" status="PASS"></status>
</kw>
<kw library="BuiltIn" name="Should Be Equal">
<doc>Fails if the given objects are unequal.</doc>
<arguments>
<arg>${m}</arg>
<arg>${mark}</arg>
</arguments>
<status endtime="20160907 17:45:15.927" starttime="20160907 17:45:15.925" status="PASS"></status>
</kw>
<status endtime="20160907 17:45:15.928" starttime="20160907 17:45:15.921" status="PASS"></status>
</kw>
<kw library="TicTacToeKeywords" name="Mark Location">
<arguments>
<arg>1</arg>
<arg>0</arg>
</arguments>
<status endtime="20160907 17:45:15.929" starttime="20160907 17:45:15.928" status="PASS"></status>
</kw>
<kw name="Check Location">
<arguments>
<arg>1</arg>
<arg>0</arg>
<arg>O</arg>
</arguments>
<kw library="TicTacToeKeywords" name="Get Mark">
<arguments>
<arg>${row}</arg>
<arg>${col}</arg>
</arguments>
<assign>
<var>${m}</var>
</assign>
<msg level="INFO" timestamp="20160907 17:45:15.934">${m} = O</msg>
<status endtime="20160907 17:45:15.935" starttime="20160907 17:45:15.932" status="PASS"></status>
</kw>
<kw library="BuiltIn" name="Should Be Equal">
<doc>Fails if the given objects are unequal.</doc>
<arguments>
<arg>${m}</arg>
<arg>${mark}</arg>
</arguments>
<status endtime="20160907 17:45:15.944" starttime="20160907 17:45:15.942" status="PASS"></status>
</kw>
<status endtime="20160907 17:45:15.945" starttime="20160907 17:45:15.930" status="PASS"></status>
</kw>
<kw library="TicTacToeKeywords" name="Mark Location">
<arguments>
<arg>2</arg>
<arg>2</arg>
</arguments>
<status endtime="20160907 17:45:15.951" starttime="20160907 17:45:15.949" status="PASS"></status>
</kw>
<kw name="Check Location">
<arguments>
<arg>2</arg>
<arg>2</arg>
<arg>X</arg>
</arguments>
<kw library="TicTacToeKeywords" name="Get Mark">
<arguments>
<arg>${row}</arg>
<arg>${col}</arg>
</arguments>
<assign>
<var>${m}</var>
</assign>
<msg level="INFO" timestamp="20160907 17:45:15.955">${m} = X</msg>
<status endtime="20160907 17:45:15.955" starttime="20160907 17:45:15.953" status="PASS"></status>
</kw>
<kw library="BuiltIn" name="Should Be Equal">
<doc>Fails if the given objects are unequal.</doc>
<arguments>
<arg>${m}</arg>
<arg>${mark}</arg>
</arguments>
<status endtime="20160907 17:45:15.957" starttime="20160907 17:45:15.956" status="PASS"></status>
</kw>
<status endtime="20160907 17:45:15.958" starttime="20160907 17:45:15.951" status="PASS"></status>
</kw>
<kw name="Winner Should Be">
<arguments>
<arg>TIE</arg>
</arguments>
<kw library="TicTacToeKeywords" name="Get Winner">
<assign>
<var>${m}</var>
</assign>
<msg level="INFO" timestamp="20160907 17:45:15.961">It is a Tie.</msg>
<msg level="INFO" timestamp="20160907 17:45:15.962">${m} = TIE</msg>
<status endtime="20160907 17:45:15.962" starttime="20160907 17:45:15.960" status="PASS"></status>
</kw>
<kw library="BuiltIn" name="Should Be Equal">
<doc>Fails if the given objects are unequal.</doc>
<arguments>
<arg>${m}</arg>
<arg>${mark}</arg>
</arguments>
<status endtime="20160907 17:45:15.965" starttime="20160907 17:45:15.963" status="PASS"></status>
</kw>
<status endtime="20160907 17:45:15.965" starttime="20160907 17:45:15.959" status="PASS"></status>
</kw>
<status critical="yes" endtime="20160907 17:45:15.966" starttime="20160907 17:45:15.847" status="PASS"></status>
</test>
<status endtime="20160907 17:45:15.972" starttime="20160907 17:45:15.411" status="PASS"></status>
</suite>
<statistics>
<total>
<stat pass="3" fail="0">Critical Tests</stat>
<stat pass="3" fail="0">All Tests</stat>
</total>
<tag>
</tag>
<suite>
<stat pass="3" fail="0" name="TicTacToeTests" id="s1">TicTacToeTests</stat>
</suite>
</statistics>
<errors>
</errors>
</robot>
